[debug] [2021-07-04T09:19:30.906Z] ----------------------------------------------------------------------
[debug] [2021-07-04T09:19:30.911Z] Command:       D:\Tools\node-v14.17.2-win-x64\node.exe D:\Tools\node-v14.17.2-win-x64\node_modules\firebase-tools\lib\bin\firebase.js login
[debug] [2021-07-04T09:19:30.912Z] CLI Version:   9.14.0
[debug] [2021-07-04T09:19:30.912Z] Platform:      win32
[debug] [2021-07-04T09:19:30.913Z] Node Version:  v14.17.2
[debug] [2021-07-04T09:19:30.919Z] Time:          Sun Jul 04 2021 14:49:30 GMT+0530 (India Standard Time)
[debug] [2021-07-04T09:19:30.920Z] ----------------------------------------------------------------------
[debug] 
[debug] [2021-07-04T09:19:30.938Z] >>> [apiv2][query] GET https://firebase-public.firebaseio.com/cli.json [none]
[info] i  Firebase optionally collects CLI usage and error reporting information to help improve our products. Data is collected in accordance with Google's privacy policy (https://policies.google.com/privacy) and is not used to identify you.
 
[debug] [2021-07-04T09:19:33.685Z] <<< [apiv2][status] GET https://firebase-public.firebaseio.com/cli.json 200
[debug] [2021-07-04T09:19:33.685Z] <<< [apiv2][body] GET https://firebase-public.firebaseio.com/cli.json {"cloudBuildErrorAfter":1594252800000,"cloudBuildWarnAfter":1590019200000,"defaultNode10After":1594252800000,"minVersion":"3.0.5","node8DeploysDisabledAfter":1613390400000,"node8RuntimeDisabledAfter":1615809600000,"node8WarnAfter":1600128000000}
[info] i  To change your data collection preference at any time, run `firebase logout` and log in again. 
[info] 
[info] Visit this URL on this device to log in:
[info] https://accounts.google.com/o/oauth2/auth?client_id=563584335869-fgrhgmd47bqnekij5i8b5pr03ho849e6.apps.googleusercontent.com&scope=email%20openid%20https%3A%2F%2Fwww.googleapis.com%2Fauth%2Fcloudplatformprojects.readonly%20https%3A%2F%2Fwww.googleapis.com%2Fauth%2Ffirebase%20https%3A%2F%2Fwww.googleapis.com%2Fauth%2Fcloud-platform&response_type=code&state=530038471&redirect_uri=http%3A%2F%2Flocalhost%3A9005
[info] 
[info] Waiting for authentication...
[debug] [2021-07-04T09:19:35.565Z] Error: spawn cmd ENOENT
    at Process.ChildProcess._handle.onexit (internal/child_process.js:269:19)
    at onErrorNT (internal/child_process.js:467:16)
    at processTicksAndRejections (internal/process/task_queues.js:82:21)
[error] 
[error] Error: An unexpected error has occurred.
[debug] [2021-07-04T09:20:02.406Z] ----------------------------------------------------------------------
[debug] [2021-07-04T09:20:02.411Z] Command:       D:\Tools\node-v14.17.2-win-x64\node.exe D:\Tools\node-v14.17.2-win-x64\node_modules\firebase-tools\lib\bin\firebase.js login
[debug] [2021-07-04T09:20:02.412Z] CLI Version:   9.14.0
[debug] [2021-07-04T09:20:02.412Z] Platform:      win32
[debug] [2021-07-04T09:20:02.413Z] Node Version:  v14.17.2
[debug] [2021-07-04T09:20:02.419Z] Time:          Sun Jul 04 2021 14:50:02 GMT+0530 (India Standard Time)
[debug] [2021-07-04T09:20:02.420Z] ----------------------------------------------------------------------
[debug] 
[info] i  Firebase optionally collects CLI usage and error reporting information to help improve our products. Data is collected in accordance with Google's privacy policy (https://policies.google.com/privacy) and is not used to identify you.
 
[info] i  To change your data collection preference at any time, run `firebase logout` and log in again. 
[info] 
[info] Visit this URL on this device to log in:
[info] https://accounts.google.com/o/oauth2/auth?client_id=563584335869-fgrhgmd47bqnekij5i8b5pr03ho849e6.apps.googleusercontent.com&scope=email%20openid%20https%3A%2F%2Fwww.googleapis.com%2Fauth%2Fcloudplatformprojects.readonly%20https%3A%2F%2Fwww.googleapis.com%2Fauth%2Ffirebase%20https%3A%2F%2Fwww.googleapis.com%2Fauth%2Fcloud-platform&response_type=code&state=371005297&redirect_uri=http%3A%2F%2Flocalhost%3A9005
[info] 
[info] Waiting for authentication...
[debug] [2021-07-04T09:20:14.348Z] Error: spawn cmd ENOENT
    at Process.ChildProcess._handle.onexit (internal/child_process.js:269:19)
    at onErrorNT (internal/child_process.js:467:16)
    at processTicksAndRejections (internal/process/task_queues.js:82:21)
[error] 
[error] Error: An unexpected error has occurred.
[debug] [2021-07-04T09:21:40.127Z] ----------------------------------------------------------------------
[debug] [2021-07-04T09:21:40.132Z] Command:       D:\Tools\node-v14.17.2-win-x64\node.exe D:\Tools\node-v14.17.2-win-x64\node_modules\firebase-tools\lib\bin\firebase.js login
[debug] [2021-07-04T09:21:40.133Z] CLI Version:   9.14.0
[debug] [2021-07-04T09:21:40.134Z] Platform:      win32
[debug] [2021-07-04T09:21:40.134Z] Node Version:  v14.17.2
[debug] [2021-07-04T09:21:40.140Z] Time:          Sun Jul 04 2021 14:51:40 GMT+0530 (India Standard Time)
[debug] [2021-07-04T09:21:40.141Z] ----------------------------------------------------------------------
[debug] 
[info] i  Firebase optionally collects CLI usage and error reporting information to help improve our products. Data is collected in accordance with Google's privacy policy (https://policies.google.com/privacy) and is not used to identify you.
 
[info] i  To change your data collection preference at any time, run `firebase logout` and log in again. 
[info] 
[info] Visit this URL on this device to log in:
[info] https://accounts.google.com/o/oauth2/auth?client_id=563584335869-fgrhgmd47bqnekij5i8b5pr03ho849e6.apps.googleusercontent.com&scope=email%20openid%20https%3A%2F%2Fwww.googleapis.com%2Fauth%2Fcloudplatformprojects.readonly%20https%3A%2F%2Fwww.googleapis.com%2Fauth%2Ffirebase%20https%3A%2F%2Fwww.googleapis.com%2Fauth%2Fcloud-platform&response_type=code&state=613141586&redirect_uri=http%3A%2F%2Flocalhost%3A9005
[info] 
[info] Waiting for authentication...
[debug] [2021-07-04T09:21:44.995Z] Error: spawn cmd ENOENT
    at Process.ChildProcess._handle.onexit (internal/child_process.js:269:19)
    at onErrorNT (internal/child_process.js:467:16)
    at processTicksAndRejections (internal/process/task_queues.js:82:21)
[error] 
[error] Error: An unexpected error has occurred.
[debug] [2021-07-04T09:24:35.423Z] ----------------------------------------------------------------------
[debug] [2021-07-04T09:24:35.428Z] Command:       D:\Tools\node-v14.17.2-win-x64\node.exe D:\Tools\node-v14.17.2-win-x64\node_modules\firebase-tools\lib\bin\firebase.js login
[debug] [2021-07-04T09:24:35.430Z] CLI Version:   9.14.0
[debug] [2021-07-04T09:24:35.430Z] Platform:      win32
[debug] [2021-07-04T09:24:35.430Z] Node Version:  v14.17.2
[debug] [2021-07-04T09:24:35.437Z] Time:          Sun Jul 04 2021 14:54:35 GMT+0530 (India Standard Time)
[debug] [2021-07-04T09:24:35.437Z] ----------------------------------------------------------------------
[debug] 
[info] i  Firebase optionally collects CLI usage and error reporting information to help improve our products. Data is collected in accordance with Google's privacy policy (https://policies.google.com/privacy) and is not used to identify you.
 
[info] i  To change your data collection preference at any time, run `firebase logout` and log in again. 
[info] 
[info] Visit this URL on this device to log in:
[info] https://accounts.google.com/o/oauth2/auth?client_id=563584335869-fgrhgmd47bqnekij5i8b5pr03ho849e6.apps.googleusercontent.com&scope=email%20openid%20https%3A%2F%2Fwww.googleapis.com%2Fauth%2Fcloudplatformprojects.readonly%20https%3A%2F%2Fwww.googleapis.com%2Fauth%2Ffirebase%20https%3A%2F%2Fwww.googleapis.com%2Fauth%2Fcloud-platform&response_type=code&state=69734226&redirect_uri=http%3A%2F%2Flocalhost%3A9005
[info] 
[info] Waiting for authentication...
[debug] [2021-07-04T09:24:39.585Z] Error: spawn cmd ENOENT
    at Process.ChildProcess._handle.onexit (internal/child_process.js:269:19)
    at onErrorNT (internal/child_process.js:467:16)
    at processTicksAndRejections (internal/process/task_queues.js:82:21)
[error] 
[error] Error: An unexpected error has occurred.
[debug] [2021-07-04T11:30:25.694Z] ----------------------------------------------------------------------
[debug] [2021-07-04T11:30:25.698Z] Command:       D:\Tools\node-v14.17.2-win-x64\node.exe D:\Tools\node-v14.17.2-win-x64\node_modules\firebase-tools\lib\bin\firebase.js login
[debug] [2021-07-04T11:30:25.700Z] CLI Version:   9.14.0
[debug] [2021-07-04T11:30:25.700Z] Platform:      win32
[debug] [2021-07-04T11:30:25.700Z] Node Version:  v14.17.2
[debug] [2021-07-04T11:30:25.734Z] Time:          Sun Jul 04 2021 17:00:25 GMT+0530 (India Standard Time)
[debug] [2021-07-04T11:30:25.734Z] ----------------------------------------------------------------------
[debug] 
[info] i  Firebase optionally collects CLI usage and error reporting information to help improve our products. Data is collected in accordance with Google's privacy policy (https://policies.google.com/privacy) and is not used to identify you.
 
[info] 
[info] Visit this URL on this device to log in:
[info] https://accounts.google.com/o/oauth2/auth?client_id=563584335869-fgrhgmd47bqnekij5i8b5pr03ho849e6.apps.googleusercontent.com&scope=email%20openid%20https%3A%2F%2Fwww.googleapis.com%2Fauth%2Fcloudplatformprojects.readonly%20https%3A%2F%2Fwww.googleapis.com%2Fauth%2Ffirebase%20https%3A%2F%2Fwww.googleapis.com%2Fauth%2Fcloud-platform&response_type=code&state=85941068&redirect_uri=http%3A%2F%2Flocalhost%3A9005
[info] 
[info] Waiting for authentication...
[debug] [2021-07-04T11:30:31.410Z] Error: spawn cmd ENOENT
    at Process.ChildProcess._handle.onexit (internal/child_process.js:269:19)
    at onErrorNT (internal/child_process.js:467:16)
    at processTicksAndRejections (internal/process/task_queues.js:82:21)
[error] 
[error] Error: An unexpected error has occurred.
[debug] [2021-07-04T12:22:36.837Z] ----------------------------------------------------------------------
[debug] [2021-07-04T12:22:36.843Z] Command:       D:\Tools\node-v14.17.2-win-x64\node.exe D:\Tools\node-v14.17.2-win-x64\node_modules\firebase-tools\lib\bin\firebase.js login
[debug] [2021-07-04T12:22:36.844Z] CLI Version:   9.14.0
[debug] [2021-07-04T12:22:36.844Z] Platform:      win32
[debug] [2021-07-04T12:22:36.845Z] Node Version:  v14.17.2
[debug] [2021-07-04T12:22:36.851Z] Time:          Sun Jul 04 2021 17:52:36 GMT+0530 (India Standard Time)
[debug] [2021-07-04T12:22:36.852Z] ----------------------------------------------------------------------
[debug] 
[info] i  Firebase optionally collects CLI usage and error reporting information to help improve our products. Data is collected in accordance with Google's privacy policy (https://policies.google.com/privacy) and is not used to identify you.
 
[info] i  To change your data collection preference at any time, run `firebase logout` and log in again. 
[info] 
[info] Visit this URL on this device to log in:
[info] https://accounts.google.com/o/oauth2/auth?client_id=563584335869-fgrhgmd47bqnekij5i8b5pr03ho849e6.apps.googleusercontent.com&scope=email%20openid%20https%3A%2F%2Fwww.googleapis.com%2Fauth%2Fcloudplatformprojects.readonly%20https%3A%2F%2Fwww.googleapis.com%2Fauth%2Ffirebase%20https%3A%2F%2Fwww.googleapis.com%2Fauth%2Fcloud-platform&response_type=code&state=188506660&redirect_uri=http%3A%2F%2Flocalhost%3A9005
[info] 
[info] Waiting for authentication...
[debug] [2021-07-04T12:29:48.596Z] Error: spawn cmd ENOENT
    at Process.ChildProcess._handle.onexit (internal/child_process.js:269:19)
    at onErrorNT (internal/child_process.js:467:16)
    at processTicksAndRejections (internal/process/task_queues.js:82:21)
[error] 
[error] Error: An unexpected error has occurred.
[debug] [2021-07-04T12:34:25.744Z] ----------------------------------------------------------------------
[debug] [2021-07-04T12:34:25.749Z] Command:       D:\Tools\node-v14.17.2-win-x64\node.exe D:\Tools\node-v14.17.2-win-x64\node_modules\firebase-tools\lib\bin\firebase.js login --no-localhost
[debug] [2021-07-04T12:34:25.750Z] CLI Version:   9.14.0
[debug] [2021-07-04T12:34:25.750Z] Platform:      win32
[debug] [2021-07-04T12:34:25.751Z] Node Version:  v14.17.2
[debug] [2021-07-04T12:34:25.757Z] Time:          Sun Jul 04 2021 18:04:25 GMT+0530 (India Standard Time)
[debug] [2021-07-04T12:34:25.758Z] ----------------------------------------------------------------------
[debug] 
[info] i  Firebase optionally collects CLI usage and error reporting information to help improve our products. Data is collected in accordance with Google's privacy policy (https://policies.google.com/privacy) and is not used to identify you.
 
[info] i  To change your data collection preference at any time, run `firebase logout` and log in again. 
[info] 
[info] Visit this URL on any device to log in:
[info] https://accounts.google.com/o/oauth2/auth?client_id=563584335869-fgrhgmd47bqnekij5i8b5pr03ho849e6.apps.googleusercontent.com&scope=email%20openid%20https%3A%2F%2Fwww.googleapis.com%2Fauth%2Fcloudplatformprojects.readonly%20https%3A%2F%2Fwww.googleapis.com%2Fauth%2Ffirebase%20https%3A%2F%2Fwww.googleapis.com%2Fauth%2Fcloud-platform&response_type=code&state=177229971&redirect_uri=urn%3Aietf%3Awg%3Aoauth%3A2.0%3Aoob
[info] 
[debug] [2021-07-04T12:34:33.313Z] Error: spawn cmd ENOENT
    at Process.ChildProcess._handle.onexit (internal/child_process.js:269:19)
    at onErrorNT (internal/child_process.js:467:16)
    at processTicksAndRejections (internal/process/task_queues.js:82:21)
[error] 
[error] Error: An unexpected error has occurred.
[debug] [2021-07-04T12:36:41.938Z] ----------------------------------------------------------------------
[debug] [2021-07-04T12:36:41.942Z] Command:       D:\Tools\node-v14.17.2-win-x64\node.exe D:\Tools\node-v14.17.2-win-x64\node_modules\firebase-tools\lib\bin\firebase.js login
[debug] [2021-07-04T12:36:41.943Z] CLI Version:   9.14.0
[debug] [2021-07-04T12:36:41.944Z] Platform:      win32
[debug] [2021-07-04T12:36:41.944Z] Node Version:  v14.17.2
[debug] [2021-07-04T12:36:41.950Z] Time:          Sun Jul 04 2021 18:06:41 GMT+0530 (India Standard Time)
[debug] [2021-07-04T12:36:41.950Z] ----------------------------------------------------------------------
[debug] 
[info] i  Firebase optionally collects CLI usage and error reporting information to help improve our products. Data is collected in accordance with Google's privacy policy (https://policies.google.com/privacy) and is not used to identify you.
 
[info] i  To change your data collection preference at any time, run `firebase logout` and log in again. 
[info] 
[info] Visit this URL on this device to log in:
[info] https://accounts.google.com/o/oauth2/auth?client_id=563584335869-fgrhgmd47bqnekij5i8b5pr03ho849e6.apps.googleusercontent.com&scope=email%20openid%20https%3A%2F%2Fwww.googleapis.com%2Fauth%2Fcloudplatformprojects.readonly%20https%3A%2F%2Fwww.googleapis.com%2Fauth%2Ffirebase%20https%3A%2F%2Fwww.googleapis.com%2Fauth%2Fcloud-platform&response_type=code&state=1064300968&redirect_uri=http%3A%2F%2Flocalhost%3A9005
[info] 
[info] Waiting for authentication...
[debug] [2021-07-04T12:36:46.282Z] Error: spawn cmd ENOENT
    at Process.ChildProcess._handle.onexit (internal/child_process.js:269:19)
    at onErrorNT (internal/child_process.js:467:16)
    at processTicksAndRejections (internal/process/task_queues.js:82:21)
[error] 
[error] Error: An unexpected error has occurred.
[debug] [2021-07-04T12:45:28.443Z] ----------------------------------------------------------------------
[debug] [2021-07-04T12:45:28.445Z] Command:       D:\Tools\node-v14.17.2-win-x64\node.exe D:\Tools\node-v14.17.2-win-x64\node_modules\firebase-tools\lib\bin\firebase.js login
[debug] [2021-07-04T12:45:28.445Z] CLI Version:   9.14.0
[debug] [2021-07-04T12:45:28.445Z] Platform:      win32
[debug] [2021-07-04T12:45:28.445Z] Node Version:  v14.17.2
[debug] [2021-07-04T12:45:28.448Z] Time:          Sun Jul 04 2021 18:15:28 GMT+0530 (India Standard Time)
[debug] [2021-07-04T12:45:28.448Z] ----------------------------------------------------------------------
[debug] 
[info] i  Firebase optionally collects CLI usage and error reporting information to help improve our products. Data is collected in accordance with Google's privacy policy (https://policies.google.com/privacy) and is not used to identify you.
 
[info] i  To change your data collection preference at any time, run `firebase logout` and log in again. 
[info] 
[info] Visit this URL on this device to log in:
[info] https://accounts.google.com/o/oauth2/auth?client_id=563584335869-fgrhgmd47bqnekij5i8b5pr03ho849e6.apps.googleusercontent.com&scope=email%20openid%20https%3A%2F%2Fwww.googleapis.com%2Fauth%2Fcloudplatformprojects.readonly%20https%3A%2F%2Fwww.googleapis.com%2Fauth%2Ffirebase%20https%3A%2F%2Fwww.googleapis.com%2Fauth%2Fcloud-platform&response_type=code&state=677717450&redirect_uri=http%3A%2F%2Flocalhost%3A9005
[info] 
[info] Waiting for authentication...
[debug] [2021-07-04T12:45:31.930Z] Error: spawn cmd ENOENT
    at Process.ChildProcess._handle.onexit (internal/child_process.js:269:19)
    at onErrorNT (internal/child_process.js:467:16)
    at processTicksAndRejections (internal/process/task_queues.js:82:21)
[error] 
[error] Error: An unexpected error has occurred.
[debug] [2021-07-04T12:48:08.136Z] ----------------------------------------------------------------------
[debug] [2021-07-04T12:48:08.138Z] Command:       D:\Tools\node-v14.17.2-win-x64\node.exe D:\Tools\node-v14.17.2-win-x64\node_modules\firebase-tools\lib\bin\firebase.js login --debug
[debug] [2021-07-04T12:48:08.138Z] CLI Version:   9.14.0
[debug] [2021-07-04T12:48:08.139Z] Platform:      win32
[debug] [2021-07-04T12:48:08.139Z] Node Version:  v14.17.2
[debug] [2021-07-04T12:48:08.142Z] Time:          Sun Jul 04 2021 18:18:08 GMT+0530 (India Standard Time)
[debug] [2021-07-04T12:48:08.142Z] ----------------------------------------------------------------------
[debug] 
[info] i  Firebase optionally collects CLI usage and error reporting information to help improve our products. Data is collected in accordance with Google's privacy policy (https://policies.google.com/privacy) and is not used to identify you.
 
[info] i  To change your data collection preference at any time, run `firebase logout` and log in again. 
[info] 
[info] Visit this URL on this device to log in:
[info] https://accounts.google.com/o/oauth2/auth?client_id=563584335869-fgrhgmd47bqnekij5i8b5pr03ho849e6.apps.googleusercontent.com&scope=email%20openid%20https%3A%2F%2Fwww.googleapis.com%2Fauth%2Fcloudplatformprojects.readonly%20https%3A%2F%2Fwww.googleapis.com%2Fauth%2Ffirebase%20https%3A%2F%2Fwww.googleapis.com%2Fauth%2Fcloud-platform&response_type=code&state=626447139&redirect_uri=http%3A%2F%2Flocalhost%3A9005
[info] 
[info] Waiting for authentication...
[debug] [2021-07-04T12:48:18.940Z] Error: spawn cmd ENOENT
    at Process.ChildProcess._handle.onexit (internal/child_process.js:269:19)
    at onErrorNT (internal/child_process.js:467:16)
    at processTicksAndRejections (internal/process/task_queues.js:82:21)
[error] 
[error] Error: An unexpected error has occurred.
[debug] [2021-07-04T13:06:03.676Z] ----------------------------------------------------------------------
[debug] [2021-07-04T13:06:03.678Z] Command:       D:\Tools\node-v14.17.2-win-x64\node.exe D:\Tools\node-v14.17.2-win-x64\node_modules\firebase-tools\lib\bin\firebase.js login
[debug] [2021-07-04T13:06:03.678Z] CLI Version:   9.14.0
[debug] [2021-07-04T13:06:03.678Z] Platform:      win32
[debug] [2021-07-04T13:06:03.679Z] Node Version:  v14.17.2
[debug] [2021-07-04T13:06:03.681Z] Time:          Sun Jul 04 2021 18:36:03 GMT+0530 (India Standard Time)
[debug] [2021-07-04T13:06:03.681Z] ----------------------------------------------------------------------
[debug] 
[info] i  Firebase optionally collects CLI usage and error reporting information to help improve our products. Data is collected in accordance with Google's privacy policy (https://policies.google.com/privacy) and is not used to identify you.
 
[info] i  To change your data collection preference at any time, run `firebase logout` and log in again. 
[info] 
[info] Visit this URL on this device to log in:
[info] https://accounts.google.com/o/oauth2/auth?client_id=563584335869-fgrhgmd47bqnekij5i8b5pr03ho849e6.apps.googleusercontent.com&scope=email%20openid%20https%3A%2F%2Fwww.googleapis.com%2Fauth%2Fcloudplatformprojects.readonly%20https%3A%2F%2Fwww.googleapis.com%2Fauth%2Ffirebase%20https%3A%2F%2Fwww.googleapis.com%2Fauth%2Fcloud-platform&response_type=code&state=712709784&redirect_uri=http%3A%2F%2Flocalhost%3A9005
[info] 
[info] Waiting for authentication...
[debug] [2021-07-04T13:06:13.027Z] Error: spawn cmd ENOENT
    at Process.ChildProcess._handle.onexit (internal/child_process.js:269:19)
    at onErrorNT (internal/child_process.js:467:16)
    at processTicksAndRejections (internal/process/task_queues.js:82:21)
[error] 
[error] Error: An unexpected error has occurred.
